2025-01-29 15:41:45 [34m[main][0;39m [35mINFO [0;39m [36mcom.eqms.EnqMS.EnqMsApplication[0;39m - Starting EnqMsApplication using Java 21.0.5 with PID 5416 (D:\dev\IdeaProjects\EnqMS\target\classes started by sohel.ahmed1-st in D:\dev\IdeaProjects\EnqMS)
2025-01-29 15:41:45 [39m[main][0;39m [35mDEBUG[0;39m [36mcom.eqms.EnqMS.EnqMsApplication[0;39m - Running with Spring Boot v3.4.2, Spring v6.2.2
2025-01-29 15:41:45 [34m[main][0;39m [35mINFO [0;39m [36mcom.eqms.EnqMS.EnqMsApplication[0;39m - No active profile set, falling back to 1 default profile: "default"
2025-01-29 15:41:45 [34m[main][0;39m [35mINFO [0;39m [36mo.s.d.r.c.RepositoryConfigurationDelegate[0;39m - Bootstrapping Spring Data JPA repositories in DEFAULT mode.
2025-01-29 15:41:45 [34m[main][0;39m [35mINFO [0;39m [36mo.s.d.r.c.RepositoryConfigurationDelegate[0;39m - Finished Spring Data repository scanning in 53 ms. Found 2 JPA repository interfaces.
2025-01-29 15:41:46 [34m[main][0;39m [35mINFO [0;39m [36mo.s.b.w.e.tomcat.TomcatWebServer[0;39m - Tomcat initialized with port 9090 (http)
2025-01-29 15:41:46 [34m[main][0;39m [35mINFO [0;39m [36mo.a.coyote.http11.Http11NioProtocol[0;39m - Initializing ProtocolHandler ["http-nio-9090"]
2025-01-29 15:41:46 [34m[main][0;39m [35mINFO [0;39m [36mo.a.catalina.core.StandardService[0;39m - Starting service [Tomcat]
2025-01-29 15:41:46 [34m[main][0;39m [35mINFO [0;39m [36mo.a.catalina.core.StandardEngine[0;39m - Starting Servlet engine: [Apache Tomcat/10.1.34]
2025-01-29 15:41:46 [34m[main][0;39m [35mINFO [0;39m [36mo.a.c.c.C.[Tomcat].[localhost].[/][0;39m - Initializing Spring embedded WebApplicationContext
2025-01-29 15:41:46 [34m[main][0;39m [35mINFO [0;39m [36mo.s.b.w.s.c.ServletWebServerApplicationContext[0;39m - Root WebApplicationContext: initialization completed in 1204 ms
2025-01-29 15:41:46 [34m[main][0;39m [35mINFO [0;39m [36mo.h.jpa.internal.util.LogHelper[0;39m - HHH000204: Processing PersistenceUnitInfo [name: default]
2025-01-29 15:41:46 [34m[main][0;39m [35mINFO [0;39m [36morg.hibernate.Version[0;39m - HHH000412: Hibernate ORM core version 6.6.5.Final
2025-01-29 15:41:46 [34m[main][0;39m [35mINFO [0;39m [36mo.h.c.i.RegionFactoryInitiator[0;39m - HHH000026: Second-level cache disabled
2025-01-29 15:41:47 [34m[main][0;39m [35mINFO [0;39m [36mo.s.o.j.p.SpringPersistenceUnitInfo[0;39m - No LoadTimeWeaver setup: ignoring JPA class transformer
2025-01-29 15:41:47 [34m[main][0;39m [35mINFO [0;39m [36mcom.zaxxer.hikari.HikariDataSource[0;39m - HikariPool-1 - Starting...
2025-01-29 15:41:47 [34m[main][0;39m [35mINFO [0;39m [36mcom.zaxxer.hikari.pool.HikariPool[0;39m - HikariPool-1 - Added connection org.postgresql.jdbc.PgConnection@7805478c
2025-01-29 15:41:47 [34m[main][0;39m [35mINFO [0;39m [36mcom.zaxxer.hikari.HikariDataSource[0;39m - HikariPool-1 - Start completed.
2025-01-29 15:41:47 [31m[main][0;39m [35mWARN [0;39m [36morg.hibernate.orm.deprecation[0;39m - HHH90000025: PostgreSQLDialect does not need to be specified explicitly using 'hibernate.dialect' (remove the property setting and it will be selected by default)
2025-01-29 15:41:47 [34m[main][0;39m [35mINFO [0;39m [36mo.hibernate.orm.connections.pooling[0;39m - HHH10001005: Database info:
	Database JDBC URL [Connecting through datasource 'HikariDataSource (HikariPool-1)']
	Database driver: undefined/unknown
	Database version: 17.2
	Autocommit mode: undefined/unknown
	Isolation level: undefined/unknown
	Minimum pool size: undefined/unknown
	Maximum pool size: undefined/unknown
2025-01-29 15:41:48 [34m[main][0;39m [35mINFO [0;39m [36mo.h.e.t.j.p.i.JtaPlatformInitiator[0;39m - HHH000489: No JTA platform available (set 'hibernate.transaction.jta.platform' to enable JTA platform integration)
2025-01-29 15:41:48 [34m[main][0;39m [35mINFO [0;39m [36mo.s.o.j.LocalContainerEntityManagerFactoryBean[0;39m - Initialized JPA EntityManagerFactory for persistence unit 'default'
2025-01-29 15:41:48 [31m[main][0;39m [35mWARN [0;39m [36mo.s.b.a.o.j.JpaBaseConfiguration$JpaWebConfiguration[0;39m - spring.jpa.open-in-view is enabled by default. Therefore, database queries may be performed during view rendering. Explicitly configure spring.jpa.open-in-view to disable this warning
2025-01-29 15:41:49 [34m[main][0;39m [35mINFO [0;39m [36mo.a.coyote.http11.Http11NioProtocol[0;39m - Starting ProtocolHandler ["http-nio-9090"]
2025-01-29 15:41:49 [34m[main][0;39m [35mINFO [0;39m [36mo.s.b.w.e.tomcat.TomcatWebServer[0;39m - Tomcat started on port 9090 (http) with context path '/'
2025-01-29 15:41:49 [34m[main][0;39m [35mINFO [0;39m [36mcom.eqms.EnqMS.EnqMsApplication[0;39m - Started EnqMsApplication in 5.05 seconds (process running for 5.516)
2025-01-29 15:42:10 [34m[SpringApplicationShutdownHook][0;39m [35mINFO [0;39m [36mo.s.b.w.e.tomcat.GracefulShutdown[0;39m - Commencing graceful shutdown. Waiting for active requests to complete
2025-01-29 15:42:10 [34m[tomcat-shutdown][0;39m [35mINFO [0;39m [36mo.s.b.w.e.tomcat.GracefulShutdown[0;39m - Graceful shutdown complete
2025-01-29 15:42:10 [34m[SpringApplicationShutdownHook][0;39m [35mINFO [0;39m [36mo.s.o.j.LocalContainerEntityManagerFactoryBean[0;39m - Closing JPA EntityManagerFactory for persistence unit 'default'
2025-01-29 15:42:10 [34m[SpringApplicationShutdownHook][0;39m [35mINFO [0;39m [36mcom.zaxxer.hikari.HikariDataSource[0;39m - HikariPool-1 - Shutdown initiated...
2025-01-29 15:42:10 [34m[SpringApplicationShutdownHook][0;39m [35mINFO [0;39m [36mcom.zaxxer.hikari.HikariDataSource[0;39m - HikariPool-1 - Shutdown completed.
2025-01-29 15:42:57 [34m[main][0;39m [35mINFO [0;39m [36mcom.eqms.EnqMS.EnqMsApplication[0;39m - Starting EnqMsApplication using Java 21.0.5 with PID 21444 (D:\dev\IdeaProjects\EnqMS\target\classes started by sohel.ahmed1-st in D:\dev\IdeaProjects\EnqMS)
2025-01-29 15:42:57 [39m[main][0;39m [35mDEBUG[0;39m [36mcom.eqms.EnqMS.EnqMsApplication[0;39m - Running with Spring Boot v3.4.2, Spring v6.2.2
2025-01-29 15:42:57 [34m[main][0;39m [35mINFO [0;39m [36mcom.eqms.EnqMS.EnqMsApplication[0;39m - No active profile set, falling back to 1 default profile: "default"
2025-01-29 15:42:58 [34m[main][0;39m [35mINFO [0;39m [36mo.s.d.r.c.RepositoryConfigurationDelegate[0;39m - Bootstrapping Spring Data JPA repositories in DEFAULT mode.
2025-01-29 15:42:58 [34m[main][0;39m [35mINFO [0;39m [36mo.s.d.r.c.RepositoryConfigurationDelegate[0;39m - Finished Spring Data repository scanning in 57 ms. Found 2 JPA repository interfaces.
2025-01-29 15:42:58 [34m[main][0;39m [35mINFO [0;39m [36mo.s.b.w.e.tomcat.TomcatWebServer[0;39m - Tomcat initialized with port 9090 (http)
2025-01-29 15:42:58 [34m[main][0;39m [35mINFO [0;39m [36mo.a.coyote.http11.Http11NioProtocol[0;39m - Initializing ProtocolHandler ["http-nio-9090"]
2025-01-29 15:42:58 [34m[main][0;39m [35mINFO [0;39m [36mo.a.catalina.core.StandardService[0;39m - Starting service [Tomcat]
2025-01-29 15:42:58 [34m[main][0;39m [35mINFO [0;39m [36mo.a.catalina.core.StandardEngine[0;39m - Starting Servlet engine: [Apache Tomcat/10.1.34]
2025-01-29 15:42:58 [34m[main][0;39m [35mINFO [0;39m [36mo.a.c.c.C.[Tomcat].[localhost].[/][0;39m - Initializing Spring embedded WebApplicationContext
2025-01-29 15:42:58 [34m[main][0;39m [35mINFO [0;39m [36mo.s.b.w.s.c.ServletWebServerApplicationContext[0;39m - Root WebApplicationContext: initialization completed in 1178 ms
2025-01-29 15:42:59 [34m[main][0;39m [35mINFO [0;39m [36mo.h.jpa.internal.util.LogHelper[0;39m - HHH000204: Processing PersistenceUnitInfo [name: default]
2025-01-29 15:42:59 [34m[main][0;39m [35mINFO [0;39m [36morg.hibernate.Version[0;39m - HHH000412: Hibernate ORM core version 6.6.5.Final
2025-01-29 15:42:59 [34m[main][0;39m [35mINFO [0;39m [36mo.h.c.i.RegionFactoryInitiator[0;39m - HHH000026: Second-level cache disabled
2025-01-29 15:42:59 [34m[main][0;39m [35mINFO [0;39m [36mo.s.o.j.p.SpringPersistenceUnitInfo[0;39m - No LoadTimeWeaver setup: ignoring JPA class transformer
2025-01-29 15:42:59 [34m[main][0;39m [35mINFO [0;39m [36mcom.zaxxer.hikari.HikariDataSource[0;39m - HikariPool-1 - Starting...
2025-01-29 15:42:59 [34m[main][0;39m [35mINFO [0;39m [36mcom.zaxxer.hikari.pool.HikariPool[0;39m - HikariPool-1 - Added connection org.postgresql.jdbc.PgConnection@37e491e2
2025-01-29 15:42:59 [34m[main][0;39m [35mINFO [0;39m [36mcom.zaxxer.hikari.HikariDataSource[0;39m - HikariPool-1 - Start completed.
2025-01-29 15:42:59 [31m[main][0;39m [35mWARN [0;39m [36morg.hibernate.orm.deprecation[0;39m - HHH90000025: PostgreSQLDialect does not need to be specified explicitly using 'hibernate.dialect' (remove the property setting and it will be selected by default)
2025-01-29 15:42:59 [34m[main][0;39m [35mINFO [0;39m [36mo.hibernate.orm.connections.pooling[0;39m - HHH10001005: Database info:
	Database JDBC URL [Connecting through datasource 'HikariDataSource (HikariPool-1)']
	Database driver: undefined/unknown
	Database version: 17.2
	Autocommit mode: undefined/unknown
	Isolation level: undefined/unknown
	Minimum pool size: undefined/unknown
	Maximum pool size: undefined/unknown
2025-01-29 15:43:00 [34m[main][0;39m [35mINFO [0;39m [36mo.h.e.t.j.p.i.JtaPlatformInitiator[0;39m - HHH000489: No JTA platform available (set 'hibernate.transaction.jta.platform' to enable JTA platform integration)
2025-01-29 15:43:00 [34m[main][0;39m [35mINFO [0;39m [36mo.s.o.j.LocalContainerEntityManagerFactoryBean[0;39m - Initialized JPA EntityManagerFactory for persistence unit 'default'
2025-01-29 15:43:00 [31m[main][0;39m [35mWARN [0;39m [36mo.s.b.a.o.j.JpaBaseConfiguration$JpaWebConfiguration[0;39m - spring.jpa.open-in-view is enabled by default. Therefore, database queries may be performed during view rendering. Explicitly configure spring.jpa.open-in-view to disable this warning
2025-01-29 15:43:01 [34m[main][0;39m [35mINFO [0;39m [36mo.a.coyote.http11.Http11NioProtocol[0;39m - Starting ProtocolHandler ["http-nio-9090"]
2025-01-29 15:43:01 [34m[main][0;39m [35mINFO [0;39m [36mo.s.b.w.e.tomcat.TomcatWebServer[0;39m - Tomcat started on port 9090 (http) with context path '/'
2025-01-29 15:43:01 [34m[main][0;39m [35mINFO [0;39m [36mcom.eqms.EnqMS.EnqMsApplication[0;39m - Started EnqMsApplication in 4.378 seconds (process running for 4.832)
2025-01-29 15:43:20 [34m[http-nio-9090-exec-1][0;39m [35mINFO [0;39m [36mo.a.c.c.C.[Tomcat].[localhost].[/][0;39m - Initializing Spring DispatcherServlet 'dispatcherServlet'
2025-01-29 15:43:20 [34m[http-nio-9090-exec-1][0;39m [35mINFO [0;39m [36mo.s.web.servlet.DispatcherServlet[0;39m - Initializing Servlet 'dispatcherServlet'
2025-01-29 15:43:20 [34m[http-nio-9090-exec-1][0;39m [35mINFO [0;39m [36mo.s.web.servlet.DispatcherServlet[0;39m - Completed initialization in 1 ms
2025-01-29 15:43:21 [1;31m[http-nio-9090-exec-1][0;39m [35mERROR[0;39m [36mo.a.c.c.C.[.[.[.[dispatcherServlet][0;39m - Servlet.service() for servlet [dispatcherServlet] in context with path [] threw exception [Request processing failed: java.lang.RuntimeException: Customer not found with id: 100] with root cause
java.lang.RuntimeException: Customer not found with id: 100
	at com.eqms.EnqMS.service.CustomerService.lambda$findById$1(CustomerService.java:37)
	at java.base/java.util.Optional.orElseThrow(Optional.java:403)
	at com.eqms.EnqMS.service.CustomerService.findById(CustomerService.java:37)
	at com.eqms.EnqMS.controller.CustomerController.getCustomer(CustomerController.java:32)
	at java.base/jdk.internal.reflect.DirectMethodHandleAccessor.invoke(DirectMethodHandleAccessor.java:103)
	at java.base/java.lang.reflect.Method.invoke(Method.java:580)
	at org.springframework.web.method.support.InvocableHandlerMethod.doInvoke(InvocableHandlerMethod.java:257)
	at org.springframework.web.method.support.InvocableHandlerMethod.invokeForRequest(InvocableHandlerMethod.java:190)
	at org.springframework.web.servlet.mvc.method.annotation.ServletInvocableHandlerMethod.invokeAndHandle(ServletInvocableHandlerMethod.java:118)
	at org.springframework.web.servlet.mvc.method.annotation.RequestMappingHandlerAdapter.invokeHandlerMethod(RequestMappingHandlerAdapter.java:986)
	at org.springframework.web.servlet.mvc.method.annotation.RequestMappingHandlerAdapter.handleInternal(RequestMappingHandlerAdapter.java:891)
	at org.springframework.web.servlet.mvc.method.AbstractHandlerMethodAdapter.handle(AbstractHandlerMethodAdapter.java:87)
	at org.springframework.web.servlet.DispatcherServlet.doDispatch(DispatcherServlet.java:1088)
	at org.springframework.web.servlet.DispatcherServlet.doService(DispatcherServlet.java:978)
	at org.springframework.web.servlet.FrameworkServlet.processRequest(FrameworkServlet.java:1014)
	at org.springframework.web.servlet.FrameworkServlet.doGet(FrameworkServlet.java:903)
	at jakarta.servlet.http.HttpServlet.service(HttpServlet.java:564)
	at org.springframework.web.servlet.FrameworkServlet.service(FrameworkServlet.java:885)
	at jakarta.servlet.http.HttpServlet.service(HttpServlet.java:658)
	at org.apache.catalina.core.ApplicationFilterChain.internalDoFilter(ApplicationFilterChain.java:195)
	at org.apache.catalina.core.ApplicationFilterChain.doFilter(ApplicationFilterChain.java:140)
	at org.apache.tomcat.websocket.server.WsFilter.doFilter(WsFilter.java:51)
	at org.apache.catalina.core.ApplicationFilterChain.internalDoFilter(ApplicationFilterChain.java:164)
	at org.apache.catalina.core.ApplicationFilterChain.doFilter(ApplicationFilterChain.java:140)
	at org.springframework.web.filter.RequestContextFilter.doFilterInternal(RequestContextFilter.java:100)
	at org.springframework.web.filter.OncePerRequestFilter.doFilter(OncePerRequestFilter.java:116)
	at org.apache.catalina.core.ApplicationFilterChain.internalDoFilter(ApplicationFilterChain.java:164)
	at org.apache.catalina.core.ApplicationFilterChain.doFilter(ApplicationFilterChain.java:140)
	at org.springframework.web.filter.FormContentFilter.doFilterInternal(FormContentFilter.java:93)
	at org.springframework.web.filter.OncePerRequestFilter.doFilter(OncePerRequestFilter.java:116)
	at org.apache.catalina.core.ApplicationFilterChain.internalDoFilter(ApplicationFilterChain.java:164)
	at org.apache.catalina.core.ApplicationFilterChain.doFilter(ApplicationFilterChain.java:140)
	at org.springframework.web.filter.CharacterEncodingFilter.doFilterInternal(CharacterEncodingFilter.java:201)
	at org.springframework.web.filter.OncePerRequestFilter.doFilter(OncePerRequestFilter.java:116)
	at org.apache.catalina.core.ApplicationFilterChain.internalDoFilter(ApplicationFilterChain.java:164)
	at org.apache.catalina.core.ApplicationFilterChain.doFilter(ApplicationFilterChain.java:140)
	at org.apache.catalina.core.StandardWrapperValve.invoke(StandardWrapperValve.java:167)
	at org.apache.catalina.core.StandardContextValve.invoke(StandardContextValve.java:90)
	at org.apache.catalina.authenticator.AuthenticatorBase.invoke(AuthenticatorBase.java:483)
	at org.apache.catalina.core.StandardHostValve.invoke(StandardHostValve.java:115)
	at org.apache.catalina.valves.ErrorReportValve.invoke(ErrorReportValve.java:93)
	at org.apache.catalina.core.StandardEngineValve.invoke(StandardEngineValve.java:74)
	at org.apache.catalina.connector.CoyoteAdapter.service(CoyoteAdapter.java:344)
	at org.apache.coyote.http11.Http11Processor.service(Http11Processor.java:397)
	at org.apache.coyote.AbstractProcessorLight.process(AbstractProcessorLight.java:63)
	at org.apache.coyote.AbstractProtocol$ConnectionHandler.process(AbstractProtocol.java:905)
	at org.apache.tomcat.util.net.NioEndpoint$SocketProcessor.doRun(NioEndpoint.java:1741)
	at org.apache.tomcat.util.net.SocketProcessorBase.run(SocketProcessorBase.java:52)
	at org.apache.tomcat.util.threads.ThreadPoolExecutor.runWorker(ThreadPoolExecutor.java:1190)
	at org.apache.tomcat.util.threads.ThreadPoolExecutor$Worker.run(ThreadPoolExecutor.java:659)
	at org.apache.tomcat.util.threads.TaskThread$WrappingRunnable.run(TaskThread.java:63)
	at java.base/java.lang.Thread.run(Thread.java:1583)
2025-01-29 15:44:10 [34m[SpringApplicationShutdownHook][0;39m [35mINFO [0;39m [36mo.s.b.w.e.tomcat.GracefulShutdown[0;39m - Commencing graceful shutdown. Waiting for active requests to complete
2025-01-29 15:44:10 [34m[tomcat-shutdown][0;39m [35mINFO [0;39m [36mo.s.b.w.e.tomcat.GracefulShutdown[0;39m - Graceful shutdown complete
2025-01-29 15:44:10 [34m[SpringApplicationShutdownHook][0;39m [35mINFO [0;39m [36mo.s.o.j.LocalContainerEntityManagerFactoryBean[0;39m - Closing JPA EntityManagerFactory for persistence unit 'default'
2025-01-29 15:44:10 [34m[SpringApplicationShutdownHook][0;39m [35mINFO [0;39m [36mcom.zaxxer.hikari.HikariDataSource[0;39m - HikariPool-1 - Shutdown initiated...
2025-01-29 15:44:10 [34m[SpringApplicationShutdownHook][0;39m [35mINFO [0;39m [36mcom.zaxxer.hikari.HikariDataSource[0;39m - HikariPool-1 - Shutdown completed.
